<?xml version="1.0" encoding="UTF-8"?>
<testng-results ignored="0" total="6" passed="6" failed="0" skipped="0">
  <reporter-output>
  </reporter-output>
  <suite started-at="2023-09-17T16:43:34 IST" name="Suite" finished-at="2023-09-17T16:44:34 IST" duration-ms="59722">
    <groups>
    </groups>
    <test started-at="2023-09-17T16:43:34 IST" name="Test" finished-at="2023-09-17T16:44:34 IST" duration-ms="59722">
      <class name="com.qa.testscripts.SwagLogout_02">
        <test-method is-config="true" signature="setUp(java.lang.String)[pri:0, instance:com.qa.testscripts.SwagLogout_02@25641d39]" started-at="2023-09-17T16:44:10 IST" name="setUp" finished-at="2023-09-17T16:44:17 IST" duration-ms="7040" status="PASS">
          <params>
            <param index="0">
              <value>
                <![CDATA[Chrome]]>
              </value>
            </param>
          </params>
          <reporter-output>
          </reporter-output>
        </test-method> <!-- setUp -->
        <test-method signature="login()[pri:0, instance:com.qa.testscripts.SwagLogout_02@25641d39]" started-at="2023-09-17T16:44:17 IST" name="login" finished-at="2023-09-17T16:44:21 IST" duration-ms="4442" status="PASS">
          <reporter-output>
          </reporter-output>
        </test-method> <!-- login -->
        <test-method signature="cart()[pri:1, instance:com.qa.testscripts.SwagLogout_02@25641d39]" started-at="2023-09-17T16:44:21 IST" name="cart" finished-at="2023-09-17T16:44:31 IST" duration-ms="10118" status="PASS">
          <reporter-output>
          </reporter-output>
        </test-method> <!-- cart -->
        <test-method signature="logout()[pri:2, instance:com.qa.testscripts.SwagLogout_02@25641d39]" started-at="2023-09-17T16:44:31 IST" name="logout" finished-at="2023-09-17T16:44:33 IST" duration-ms="2118" status="PASS">
          <reporter-output>
          </reporter-output>
        </test-method> <!-- logout -->
        <test-method is-config="true" signature="teardown()[pri:0, instance:com.qa.testscripts.SwagLogout_02@25641d39]" started-at="2023-09-17T16:44:33 IST" name="teardown" finished-at="2023-09-17T16:44:34 IST" duration-ms="85" status="PASS">
          <reporter-output>
          </reporter-output>
        </test-method> <!-- teardown -->
      </class> <!-- com.qa.testscripts.SwagLogout_02 -->
      <class name="com.qa.testscripts.SwagLoginCart_01">
        <test-method is-config="true" signature="setUp(java.lang.String)[pri:0, instance:com.qa.testscripts.SwagLoginCart_01@4a883b15]" started-at="2023-09-17T16:43:48 IST" name="setUp" finished-at="2023-09-17T16:43:55 IST" duration-ms="7111" status="PASS">
          <params>
            <param index="0">
              <value>
                <![CDATA[Chrome]]>
              </value>
            </param>
          </params>
          <reporter-output>
          </reporter-output>
        </test-method> <!-- setUp -->
        <test-method signature="login()[pri:0, instance:com.qa.testscripts.SwagLoginCart_01@4a883b15]" started-at="2023-09-17T16:43:55 IST" name="login" finished-at="2023-09-17T16:44:00 IST" duration-ms="4451" status="PASS">
          <reporter-output>
          </reporter-output>
        </test-method> <!-- login -->
        <test-method signature="cart()[pri:1, instance:com.qa.testscripts.SwagLoginCart_01@4a883b15]" started-at="2023-09-17T16:44:00 IST" name="cart" finished-at="2023-09-17T16:44:10 IST" duration-ms="10138" status="PASS">
          <reporter-output>
          </reporter-output>
        </test-method> <!-- cart -->
        <test-method is-config="true" signature="teardown()[pri:0, instance:com.qa.testscripts.SwagLoginCart_01@4a883b15]" started-at="2023-09-17T16:44:10 IST" name="teardown" finished-at="2023-09-17T16:44:10 IST" duration-ms="98" status="PASS">
          <reporter-output>
          </reporter-output>
        </test-method> <!-- teardown -->
      </class> <!-- com.qa.testscripts.SwagLoginCart_01 -->
      <class name="com.qa.testscripts.SwagLogin_01">
        <test-method is-config="true" signature="setUp(java.lang.String)[pri:0, instance:com.qa.testscripts.SwagLogin_01@70e9c95d]" started-at="2023-09-17T16:43:34 IST" name="setUp" finished-at="2023-09-17T16:43:43 IST" duration-ms="9204" status="PASS">
          <params>
            <param index="0">
              <value>
                <![CDATA[Chrome]]>
              </value>
            </param>
          </params>
          <reporter-output>
          </reporter-output>
        </test-method> <!-- setUp -->
        <test-method signature="login()[pri:0, instance:com.qa.testscripts.SwagLogin_01@70e9c95d]" started-at="2023-09-17T16:43:43 IST" name="login" finished-at="2023-09-17T16:43:48 IST" duration-ms="4489" status="PASS">
          <reporter-output>
          </reporter-output>
        </test-method> <!-- login -->
        <test-method is-config="true" signature="teardown()[pri:0, instance:com.qa.testscripts.SwagLogin_01@70e9c95d]" started-at="2023-09-17T16:43:48 IST" name="teardown" finished-at="2023-09-17T16:43:48 IST" duration-ms="116" status="PASS">
          <reporter-output>
          </reporter-output>
        </test-method> <!-- teardown -->
      </class> <!-- com.qa.testscripts.SwagLogin_01 -->
    </test> <!-- Test -->
  </suite> <!-- Suite -->
</testng-results>
