<?xml version="1.0" encoding="UTF-8"?>
<!-- Generated by org.testng.reporters.JUnitXMLReporter -->
<testsuite ignored="0" hostname="LAPTOP-UMV6OFSC" failures="0" tests="6" name="Test" time="59.722" errors="0" timestamp="2023-09-17T16:44:34 IST">
  <testcase classname="com.qa.testscripts.SwagLogin_01" name="login" time="4.489"/>
  <testcase classname="com.qa.testscripts.SwagLogin_01" name="login" time="4.451"/>
  <testcase classname="com.qa.testscripts.SwagLoginCart_01" name="cart" time="10.138"/>
  <testcase classname="com.qa.testscripts.SwagLogin_01" name="login" time="4.442"/>
  <testcase classname="com.qa.testscripts.SwagLoginCart_01" name="cart" time="10.118"/>
  <testcase classname="com.qa.testscripts.SwagLogout_02" name="logout" time="2.118"/>
</testsuite> <!-- Test -->
